<?xml version="1.0" encoding="UTF-8" ?>
<testsuite tests="10" failures="0" name="Runner.Testrunner" time="0.02" errors="4" skipped="2">
  <properties>
[...]
</properties>
  <testcase classname="Scenario: Login as a authenticated user" name="Given user is on homepage" time="0.002"/>
  <testcase classname="Scenario: Login as a authenticated user" name="When user navigates to Login Page" time="0"/>
  <testcase classname="Scenario: Login as a authenticated user" name="And user enters username and Password" time="0.004">
    <error type="java.lang.NullPointerException">java.lang.NullPointerException
	at SeleniumGlueCode.Login.TestLogin.user_enters_username_and_Password(TestLogin.java:58)
	at ✽.And user enters username and Password(src/test/java/Features/Login/TestLogin.feature:8)
</error>
  </testcase>
  <testcase classname="Scenario: Login as a authenticated user" name="Scenario: Login as a authenticated user" time="0.005">
    <error type="java.lang.NullPointerException">java.lang.NullPointerException
	at SeleniumGlueCode.Login.TestLogin.user_enters_username_and_Password(TestLogin.java:58)
	at ✽.And user enters username and Password(src/test/java/Features/Login/TestLogin.feature:8)
</error>
  </testcase>
  <testcase classname="Scenario: Login as a authenticated user" name="Then success message is displayed" time="0.008">
    <skipped/>
  </testcase>
  <testcase classname="Scenario: Login fail as user is not exist" name="Given user is on homepage" time="0"/>
  <testcase classname="Scenario: Login fail as user is not exist" name="When user navigates to Login Page" time="0"/>
  <testcase classname="Scenario: Login fail as user is not exist" name="And user enters non existing username and Password" time="0">
    <error message="Index: 1, Size: 1" type="java.lang.IndexOutOfBoundsException">java.lang.IndexOutOfBoundsException: Index: 1, Size: 1
	at java.util.ArrayList.rangeCheck(ArrayList.java:657)
	at java.util.ArrayList.get(ArrayList.java:433)
	at Utilities.DataProvider.getData(DataProvider.java:31)
	at SeleniumGlueCode.Login.TestLogin.user_enters_non_existing_username_and_Password(TestLogin.java:88)
	at ✽.And user enters non existing username and Password(src/test/java/Features/Login/TestLogin.feature:15)
</error>
  </testcase>
  <testcase classname="Scenario: Login fail as user is not exist" name="Scenario: Login fail as user is not exist" time="0">
    <error message="Index: 1, Size: 1" type="java.lang.IndexOutOfBoundsException">java.lang.IndexOutOfBoundsException: Index: 1, Size: 1
	at java.util.ArrayList.rangeCheck(ArrayList.java:657)
	at java.util.ArrayList.get(ArrayList.java:433)
	at Utilities.DataProvider.getData(DataProvider.java:31)
	at SeleniumGlueCode.Login.TestLogin.user_enters_non_existing_username_and_Password(TestLogin.java:88)
	at ✽.And user enters non existing username and Password(src/test/java/Features/Login/TestLogin.feature:15)
</error>
  </testcase>
  <testcase classname="Scenario: Login fail as user is not exist" name="Then error message is displayed" time="0.001">
    <skipped/>
  </testcase>
</testsuite>